rake about                                    # List versions of all Rails frameworks and the environment
rake airbrake:deploy                          # Notify Airbrake of a new deploy
rake airbrake:heroku:add_deploy_notification  # Install Heroku deploy notifications addon
rake airbrake:test                            # Verify your gem installation by sending a test exception to the airbrake service
rake assets:clean                             # Remove compiled assets
rake assets:precompile                        # Compile all the assets named in config.assets.precompile
rake bourbon:install[sass_path]               # Move files to the Rails assets directory
rake db:create                                # Create the database from DATABASE_URL or config/database.yml for the current Rails.env (use db:create:all to create all dbs in the config)
rake db:data:dump                             # Dump contents of database to db/data.extension (defaults to yaml)
rake db:data:dump_dir                         # Dump contents of database to curr_dir_name/tablename.extension (defaults to yaml)
rake db:data:load                             # Load contents of db/data.extension (defaults to yaml) into database
rake db:data:load_dir                         # Load contents of db/data_dir into database
rake db:drop                                  # Drops the database using DATABASE_URL or the current Rails.env (use db:drop:all to drop all databases)
rake db:dump                                  # Dump schema and data to db/schema.rb and db/data.yml
rake db:fixtures:load                         # Load fixtures into the current environment's database
rake db:load                                  # Load schema and data from db/schema.rb and db/data.yml
rake db:migrate                               # Migrate the database (options: VERSION=x, VERBOSE=false)
rake db:migrate:status                        # Display status of migrations
rake db:rollback                              # Rolls the schema back to the previous version (specify steps w/ STEP=n)
rake db:schema:dump                           # Create a db/schema.rb file that can be portably used against any DB supported by AR
rake db:schema:load                           # Load a schema.rb file into the database
rake db:seed                                  # Load the seed data from db/seeds.rb
rake db:seed_fu                               # Loads seed data for the current environment
rake db:setup                                 # Create the database, load the schema, and initialize with the seed data (use db:reset to also drop the db first)
rake db:structure:dump                        # Dump the database structure to db/structure.sql
rake db:version                               # Retrieves the current schema version number
rake doc:app                                  # Generate docs for the app -- also available doc:rails, doc:guides, doc:plugins (options: TEMPLATE=/rdoc-template.rb, TITLE="Custom Title")
rake geocode:all                              # Geocode all objects without coordinates
rake lifesquare:process_expired_providers     # check for expired provider credentials and deal with them
rake log:clear                                # Truncates all *.log files in log/ to zero bytes
rake middleware                               # Prints out your Rack middleware stack
rake notes                                    # Enumerate all annotations (use notes:optimize, :fixme, :todo for focus)
rake notes:custom                             # Enumerate a custom annotation, specify with ANNOTATION=CUSTOM
rake rails:template                           # Applies the template supplied by LOCATION=(/path/to/template) or URL
rake rails:update                             # Update configs and some other initially generated files (or use just update:configs, update:scripts, or update:application_controller)
rake rails_admin:disable_initializer          # Disable rails_admin initializer
rake rails_admin:install                      # Install rails_admin
rake rails_admin:prepare_ci_env               # CI env for Travis
rake rails_admin:uninstall                    # Uninstall rails_admin
rake routes                                   # Print out all defined routes in match order, with names
rake secret                                   # Generate a cryptographically secure secret key (this is typically used to generate a secret for cookie sessions)
rake spec                                     # Run all specs in spec directory (excluding plugin specs)
rake spec:controllers                         # Run the code examples in spec/controllers
rake spec:models                              # Run the code examples in spec/models
rake stats                                    # Report code statistics (KLOCs, etc) from the application
rake test                                     # Runs test:units, test:functionals, test:integration together (also available: test:benchmark, test:profile, test:plugins)
rake test:recent                              # Run tests for {:recent=>"test:prepare"} / Test recent changes
rake test:single                              # Run tests for {:single=>"test:prepare"}
rake test:uncommitted                         # Run tests for {:uncommitted=>"test:prepare"} / Test changes since last checkin (only Subversion and Git)
rake time:zones:all                           # Displays all time zones, also available: time:zones:us, time:zones:local -- filter with OFFSET parameter, e.g., OFFSET=-6
rake tmp:clear                                # Clear session, cache, and socket files from tmp/ (narrow w/ tmp:sessions:clear, tmp:cache:clear, tmp:sockets:clear)
rake tmp:create                               # Creates tmp directories for sessions, cache, sockets, and pids
